生成启动时间为 2017/11/28 20:15:45。
     1>项目“D:\P4\wangdd_2015\wangdd_2015\Hi3531\MainBranche\lib\dws\main.vcxproj”在节点 2 上(build 个目标)。
     1>InitializeBuildStatus:
         正在创建“.\Debug\main.unsuccessfulbuild”，因为已指定“AlwaysCreate”。
       ClCompile:
         C:\Program Files (x86)\Microsoft Visual Studio 10.0\VC\bin\CL.exe /c /ZI /nologo /W3 /WX- /Od /Oy- /D WIN32 /D _DEBUG /D _CONSOLE /D _VC80_UPGRADE=0x0600 /D _MBCS /Gm /EHsc /RTC1 /MTd /GS /Gy- /fp:precise /Zc:wchar_t /Zc:forScope /Fo".\Debug\\" /Fd".\Debug\vc100.pdb" /FR".\Debug\\" /Gd /TP /analyze- /errorReport:prompt Device.cpp DWConfig.cpp EWConfig.cpp Facility.cpp IniFile.cpp main.cpp Network.cpp SysInfo.cpp TimeCfg.cpp User.cpp WebDecoder.cpp WebSvr.cpp
         WebSvr.cpp
     1>d:\p4\wangdd_2015\wangdd_2015\hi3531\mainbranche\lib\dws\websvr.h(6): fatal error C1083: 无法打开包括文件:“sys/ioctl.h”: No such file or directory
         WebDecoder.cpp
     1>d:\p4\wangdd_2015\wangdd_2015\hi3531\mainbranche\lib\dws\webdecoder.h(12): fatal error C1083: 无法打开包括文件:“define.h”: No such file or directory
         User.cpp
     1>d:\p4\wangdd_2015\wangdd_2015\hi3531\mainbranche\lib\dws\user.h(4): fatal error C1083: 无法打开包括文件:“define.h”: No such file or directory
         TimeCfg.cpp
     1>d:\p4\wangdd_2015\wangdd_2015\hi3531\mainbranche\lib\dws\timecfg.h(8): fatal error C1083: 无法打开包括文件:“define.h”: No such file or directory
         SysInfo.cpp
     1>d:\p4\wangdd_2015\wangdd_2015\hi3531\mainbranche\lib\dws\sysinfo.h(8): fatal error C1083: 无法打开包括文件:“define.h”: No such file or directory
         Network.cpp
     1>d:\p4\wangdd_2015\wangdd_2015\hi3531\mainbranche\lib\dws\network.h(8): fatal error C1083: 无法打开包括文件:“define.h”: No such file or directory
         main.cpp
     1>d:\p4\wangdd_2015\wangdd_2015\hi3531\mainbranche\lib\dws\main.cpp(25): fatal error C1083: 无法打开包括文件:“sys/time.h”: No such file or directory
         IniFile.cpp
     1>d:\p4\wangdd_2015\wangdd_2015\hi3531\mainbranche\lib\dws\inifile.cpp(24): warning C4996: 'strncpy': This function or variable may be unsafe. Consider using strncpy_s instead. To disable deprecation, use _CRT_SECURE_NO_WARNINGS. See online help for details.
                 c:\program files (x86)\microsoft visual studio 10.0\vc\include\string.h(188) : 参见“strncpy”的声明
     1>d:\p4\wangdd_2015\wangdd_2015\hi3531\mainbranche\lib\dws\inifile.cpp(28): warning C4996: 'strncpy': This function or variable may be unsafe. Consider using strncpy_s instead. To disable deprecation, use _CRT_SECURE_NO_WARNINGS. See online help for details.
                 c:\program files (x86)\microsoft visual studio 10.0\vc\include\string.h(188) : 参见“strncpy”的声明
     1>d:\p4\wangdd_2015\wangdd_2015\hi3531\mainbranche\lib\dws\inifile.cpp(48): warning C4996: 'strncpy': This function or variable may be unsafe. Consider using strncpy_s instead. To disable deprecation, use _CRT_SECURE_NO_WARNINGS. See online help for details.
                 c:\program files (x86)\microsoft visual studio 10.0\vc\include\string.h(188) : 参见“strncpy”的声明
     1>d:\p4\wangdd_2015\wangdd_2015\hi3531\mainbranche\lib\dws\inifile.cpp(66): warning C4996: 'strncpy': This function or variable may be unsafe. Consider using strncpy_s instead. To disable deprecation, use _CRT_SECURE_NO_WARNINGS. See online help for details.
                 c:\program files (x86)\microsoft visual studio 10.0\vc\include\string.h(188) : 参见“strncpy”的声明
     1>d:\p4\wangdd_2015\wangdd_2015\hi3531\mainbranche\lib\dws\inifile.cpp(71): warning C4996: 'strncpy': This function or variable may be unsafe. Consider using strncpy_s instead. To disable deprecation, use _CRT_SECURE_NO_WARNINGS. See online help for details.
                 c:\program files (x86)\microsoft visual studio 10.0\vc\include\string.h(188) : 参见“strncpy”的声明
     1>d:\p4\wangdd_2015\wangdd_2015\hi3531\mainbranche\lib\dws\inifile.cpp(77): warning C4996: 'strncpy': This function or variable may be unsafe. Consider using strncpy_s instead. To disable deprecation, use _CRT_SECURE_NO_WARNINGS. See online help for details.
                 c:\program files (x86)\microsoft visual studio 10.0\vc\include\string.h(188) : 参见“strncpy”的声明
     1>d:\p4\wangdd_2015\wangdd_2015\hi3531\mainbranche\lib\dws\inifile.cpp(107): warning C4996: 'strcpy': This function or variable may be unsafe. Consider using strcpy_s instead. To disable deprecation, use _CRT_SECURE_NO_WARNINGS. See online help for details.
                 c:\program files (x86)\microsoft visual studio 10.0\vc\include\string.h(105) : 参见“strcpy”的声明
     1>d:\p4\wangdd_2015\wangdd_2015\hi3531\mainbranche\lib\dws\inifile.cpp(111): warning C4996: 'strcpy': This function or variable may be unsafe. Consider using strcpy_s instead. To disable deprecation, use _CRT_SECURE_NO_WARNINGS. See online help for details.
                 c:\program files (x86)\microsoft visual studio 10.0\vc\include\string.h(105) : 参见“strcpy”的声明
     1>d:\p4\wangdd_2015\wangdd_2015\hi3531\mainbranche\lib\dws\inifile.cpp(115): warning C4996: 'strncpy': This function or variable may be unsafe. Consider using strncpy_s instead. To disable deprecation, use _CRT_SECURE_NO_WARNINGS. See online help for details.
                 c:\program files (x86)\microsoft visual studio 10.0\vc\include\string.h(188) : 参见“strncpy”的声明
     1>d:\p4\wangdd_2015\wangdd_2015\hi3531\mainbranche\lib\dws\inifile.cpp(132): warning C4996: 'strncpy': This function or variable may be unsafe. Consider using strncpy_s instead. To disable deprecation, use _CRT_SECURE_NO_WARNINGS. See online help for details.
                 c:\program files (x86)\microsoft visual studio 10.0\vc\include\string.h(188) : 参见“strncpy”的声明
     1>d:\p4\wangdd_2015\wangdd_2015\hi3531\mainbranche\lib\dws\inifile.cpp(139): error C3861: “strcasecmp”: 找不到标识符
     1>d:\p4\wangdd_2015\wangdd_2015\hi3531\mainbranche\lib\dws\inifile.cpp(210): error C3861: “strcasecmp”: 找不到标识符
         Facility.cpp
     1>d:\p4\wangdd_2015\wangdd_2015\hi3531\mainbranche\lib\dws\facility.h(11): fatal error C1083: 无法打开包括文件:“sys/select.h”: No such file or directory
         EWConfig.cpp
     1>d:\p4\wangdd_2015\wangdd_2015\hi3531\mainbranche\lib\dws\ewconfig.h(12): fatal error C1083: 无法打开包括文件:“define.h”: No such file or directory
         DWConfig.cpp
     1>d:\p4\wangdd_2015\wangdd_2015\hi3531\mainbranche\lib\dws\dwconfig.h(4): fatal error C1083: 无法打开包括文件:“define.h”: No such file or directory
         Device.cpp
     1>d:\p4\wangdd_2015\wangdd_2015\hi3531\mainbranche\lib\dws\device.h(8): fatal error C1083: 无法打开包括文件:“define.h”: No such file or directory
         正在生成代码...
     1>已完成生成项目“D:\P4\wangdd_2015\wangdd_2015\Hi3531\MainBranche\lib\dws\main.vcxproj”(build 个目标)的操作 - 失败。

生成失败。

已用时间 00:00:01.20
